Command line:
   tb_control_isim_beh.exe
     -simmode  gui
     -simrunnum  0
     -socket  36913

Sat Jun 17 12:46:44 2023


 Elaboration Time: 0.04 sec

 Current Memory Usage: 184.029 Meg

 Total Signals          : 14
 Total Nets             : 11
 Total Signal Drivers   : 8
 Total Blocks           : 3
 Total Primitive Blocks : 2
 Total Processes        : 4
 Total Traceable Variables  : 9
 Total Scalar Nets and Variables : 372
Total Line Count : 65

 Total Simulation Time: 0.19 sec

 Current Memory Usage: 259.531 Meg

Sat Jun 17 12:53:21 2023

