Command line:
   tb_xorop_isim_beh.exe
     -simmode  gui
     -simrunnum  0
     -socket  52131

Sat Jun 17 14:07:24 2023


 Elaboration Time: 0.03 sec

 Current Memory Usage: 184.025 Meg

 Total Signals          : 6
 Total Nets             : 48
 Total Signal Drivers   : 3
 Total Blocks           : 3
 Total Primitive Blocks : 2
 Total Processes        : 2
 Total Traceable Variables  : 9
 Total Scalar Nets and Variables : 409
Total Line Count : 10

 Total Simulation Time: 0.05 sec

 Current Memory Usage: 259.527 Meg

Sat Jun 17 14:08:27 2023

