Command line:
   tb_keygen_isim_beh.exe
     -simmode  gui
     -simrunnum  0
     -socket  44037

Fri Jun 16 13:49:20 2023


 Elaboration Time: 0.02 sec

 Current Memory Usage: 184.029 Meg

 Total Signals          : 17
 Total Nets             : 324
 Total Signal Drivers   : 9
 Total Blocks           : 3
 Total Primitive Blocks : 2
 Total Processes        : 8
 Total Traceable Variables  : 8
 Total Scalar Nets and Variables : 684
Total Line Count : 35

 Total Simulation Time: 0.04 sec

 Current Memory Usage: 259.531 Meg

Fri Jun 16 16:57:43 2023

