Command line:
   tb_twoToOneMux_isim_beh.exe
     -simmode  gui
     -simrunnum  0
     -socket  38215

Thu Jun 15 13:56:17 2023


 Elaboration Time: 0.01 sec

 Current Memory Usage: 184.033 Meg

 Total Signals          : 8
 Total Nets             : 49
 Total Signal Drivers   : 4
 Total Blocks           : 3
 Total Primitive Blocks : 2
 Total Processes        : 2
 Total Traceable Variables  : 8
 Total Scalar Nets and Variables : 409
Total Line Count : 10

 Total Simulation Time: 0.02 sec

 Current Memory Usage: 259.535 Meg

Thu Jun 15 13:56:49 2023

