Running: /home/ash-ketchum/Downloads/installPathXilinxISE/14.7/ISE_DS/ISE/bin/lin64/unwrapped/fuse -intstyle ise -incremental -o /home/ash-ketchum/Downloads/submission_template/submit/rcs1/tb_idea_single_isim_beh.exe -prj /home/ash-ketchum/Downloads/submission_template/submit/rcs1/tb_idea_single_beh.prj work.tb_idea_single 
ISim P.20131013 (signature 0xfbc00daa)
Number of CPUs detected in this system: 12
Turning on mult-threading, number of parallel sub-compilation jobs: 24 
Determining compilation order of HDL files
Parsing VHDL file "/home/ash-ketchum/Downloads/submission_template/submit/rcs1/../03765796_direct/xorop.vhd" into library work
Parsing VHDL file "/home/ash-ketchum/Downloads/submission_template/submit/rcs1/../03765796_direct/mulop.vhd" into library work
Parsing VHDL file "/home/ash-ketchum/Downloads/submission_template/submit/rcs1/../03765796_direct/addop.vhd" into library work
Parsing VHDL file "/home/ash-ketchum/Downloads/submission_template/submit/rcs1/reg_16bit_edge_trigger.vhd" into library work
Parsing VHDL file "/home/ash-ketchum/Downloads/submission_template/submit/rcs1/mux2x1.vhd" into library work
Parsing VHDL file "/home/ash-ketchum/Downloads/submission_template/submit/rcs1/keygen.vhd" into library work
Parsing VHDL file "/home/ash-ketchum/Downloads/submission_template/submit/rcs1/control.vhd" into library work
Parsing VHDL file "/home/ash-ketchum/Downloads/submission_template/submit/rcs1/../03765796_direct/trafo.vhd" into library work
Parsing VHDL file "/home/ash-ketchum/Downloads/submission_template/submit/rcs1/../03765796_direct/round.vhd" into library work
Parsing VHDL file "/home/ash-ketchum/Downloads/submission_template/submit/rcs1/idea_single.vhd" into library work
Parsing VHDL file "/home/ash-ketchum/Downloads/submission_template/submit/rcs1/tb_idea_single.vhd" into library work
Starting static elaboration
Completed static elaboration
Fuse Memory Usage: 84984 KB
Fuse CPU Usage: 570 ms
Compiling package standard
Compiling package std_logic_1164
Compiling architecture behavioral of entity mux2x1 [mux2x1_default]
Compiling package std_logic_arith
Compiling package std_logic_unsigned
Compiling architecture behavioral of entity mulop [mulop_default]
Compiling architecture behavioral of entity addop [addop_default]
Compiling architecture behavioral of entity xorop [xorop_default]
Compiling architecture behavioral of entity round [round_default]
Compiling architecture behavioral of entity reg_16bit_edge_trigger [reg_16bit_edge_trigger_default]
Compiling architecture behavioral of entity trafo [trafo_default]
Compiling architecture behavioral of entity control [control_default]
Compiling architecture behavioral of entity keygen [keygen_default]
Compiling architecture structural of entity idea_single [idea_single_default]
Compiling architecture behavior of entity tb_idea_single
Time Resolution for simulation is 1ps.
Compiled 25 VHDL Units
Built simulation executable /home/ash-ketchum/Downloads/submission_template/submit/rcs1/tb_idea_single_isim_beh.exe
Fuse Memory Usage: 1706344 KB
Fuse CPU Usage: 700 ms
GCC CPU Usage: 610 ms
